Name:                   scaletestapp-deployment
Namespace:              default
CreationTimestamp:      Mon, 24 Mar 2025 19:12:34 +0300
Labels:                 app=scaletestapp
Annotations:            deployment.kubernetes.io/revision: 1
Selector:               app=scaletestapp
Replicas:               4 desired | 4 updated | 4 total | 4 available | 0 unavailable
StrategyType:           RollingUpdate
MinReadySeconds:        0
RollingUpdateStrategy:  25% max unavailable, 25% max surge
Pod Template:
  Labels:  app=scaletestapp
  Containers:
   scaletestapp:
    Image:      shestera/scaletestapp
    Port:       8080/TCP
    Host Port:  0/TCP
    Limits:
      memory:  30Mi
    Requests:
      memory:      15Mi
    Readiness:     http-get http://:8080/ delay=5s timeout=1s period=5s #success=1 #failure=3
    Environment:   <none>
    Mounts:        <none>
  Volumes:         <none>
  Node-Selectors:  <none>
  Tolerations:     <none>
Conditions:
  Type           Status  Reason
  ----           ------  ------
  Progressing    True    NewReplicaSetAvailable
  Available      True    MinimumReplicasAvailable
OldReplicaSets:  <none>
NewReplicaSet:   scaletestapp-deployment-6bfbdc45d6 (4/4 replicas created)
Events:
  Type    Reason             Age   From                   Message
  ----    ------             ----  ----                   -------
  Normal  ScalingReplicaSet  57m   deployment-controller  Scaled up replica set scaletestapp-deployment-6bfbdc45d6 from 1 to 2
  Normal  ScalingReplicaSet  56m   deployment-controller  Scaled up replica set scaletestapp-deployment-6bfbdc45d6 from 2 to 3
  Normal  ScalingReplicaSet  54m   deployment-controller  Scaled up replica set scaletestapp-deployment-6bfbdc45d6 from 3 to 4